<?xml version="1.0" encoding="UTF-8"?>
<!-- Generated by org.testng.reporters.JUnitXMLReporter -->
<testsuite ignored="0" hostname="DESKTOP-2U0IG0R" failures="0" tests="4" name="Test" time="60.236" errors="0" timestamp="10 Jun 2019 19:21:58 GMT">
  <testcase classname="Academy.ValidateBar" name="basePageNavigation" time="3.117"/>
  <testcase classname="Academy.HomePage" name="basePageNavigation" time="18.43"/>
  <testcase classname="Academy.HomePage" name="basePageNavigation" time="11.472"/>
  <testcase classname="Academy.ValidateTitle" name="basePageNavigation" time="0.107"/>
</testsuite> <!-- Test -->
