<?xml version="1.0" encoding="UTF-8"?>
<!-- Generated by org.testng.reporters.JUnitXMLReporter -->
<testsuite ignored="0" hostname="DESKTOP-2U0IG0R" failures="1" tests="1" name="Validateing Title Page" time="10.727" errors="0" timestamp="10 Jun 2019 20:33:11 GMT">
  <testcase classname="Academy.ValidateTitle" name="ValidateTitle" time="0.081">
    <failure type="java.lang.AssertionError" message="expected [FEATURED COURSES123] but found [FEATURED COURSES]">
      <![CDATA[java.lang.AssertionError: expected [FEATURED COURSES123] but found [FEATURED COURSES]
at Academy.ValidateTitle.ValidateTitle(ValidateTitle.java:35)
... Removed 31 stack frames]]>
    </failure>
  </testcase> <!-- ValidateTitle -->
</testsuite> <!-- Validateing Title Page -->
